<?xml version="1.0" encoding="utf-8"?><testsuites name="pytest tests"><testsuite name="pytest" errors="0" failures="0" skipped="0" tests="19" time="2.315" timestamp="2026-05-28T01:14:39.490111+00:00" hostname="agent-env-8e0badce-80c2-4b84-a8e0-9b51d8d15b1e"><testcase classname="test_apple_auth" name="test_apple_auth_missing_token" time="0.003" /><testcase classname="test_apple_auth" name="test_apple_auth_invalid_token" time="0.002" /><testcase classname="test_apple_auth" name="test_apple_auth_wrong_audience" time="0.006" /><testcase classname="test_apple_auth" name="test_apple_auth_expired_token" time="0.002" /><testcase classname="test_apple_auth" name="test_apple_auth_create_then_relogin" time="0.009" /><testcase classname="test_apple_auth_curl" name="test_apple_missing_token" time="0.362" /><testcase classname="test_apple_auth_curl" name="test_apple_invalid_token" time="0.035" /><testcase classname="test_apple_auth_curl" name="test_apple_empty_token_string" time="0.034" /><testcase classname="test_apple_auth_curl" name="test_apple_garbage_jwt" time="1.012" /><testcase classname="test_apple_auth_curl" name="test_health_endpoint" time="0.074" /><testcase classname="test_apple_auth_curl" name="test_auth_me_unauthenticated" time="0.039" /><testcase classname="test_apple_auth_curl" name="test_auth_me_invalid_bearer" time="0.076" /><testcase classname="test_apple_auth_curl" name="test_auth_logout_no_session" time="0.037" /><testcase classname="test_apple_auth_curl" name="test_auth_session_route_exists" time="0.032" /><testcase classname="test_apple_auth_curl" name="test_recurring_items_list" time="0.034" /><testcase classname="test_apple_auth_curl" name="test_tracker_items_endpoint_exists" time="0.034" /><testcase classname="test_apple_auth_curl" name="test_journal_entries_endpoint_exists" time="0.077" /><testcase classname="test_apple_auth_curl" name="test_calculator_presets_endpoint_exists" time="0.051" /><testcase classname="test_apple_auth_curl" name="test_ai_ask_endpoint_exists" time="0.034" /></testsuite></testsuites>