<?xml version="1.0" encoding="utf-8"?><testsuites name="pytest tests"><testsuite name="pytest" errors="0" failures="0" skipped="0" tests="14" time="1.704" timestamp="2026-05-28T01:13:00.752097+00:00" hostname="agent-env-8e0badce-80c2-4b84-a8e0-9b51d8d15b1e"><testcase classname="test_apple_auth_curl" name="test_apple_missing_token" time="0.111" /><testcase classname="test_apple_auth_curl" name="test_apple_invalid_token" time="0.040" /><testcase classname="test_apple_auth_curl" name="test_apple_empty_token_string" time="0.037" /><testcase classname="test_apple_auth_curl" name="test_apple_garbage_jwt" time="1.014" /><testcase classname="test_apple_auth_curl" name="test_health_endpoint" time="0.031" /><testcase classname="test_apple_auth_curl" name="test_auth_me_unauthenticated" time="0.039" /><testcase classname="test_apple_auth_curl" name="test_auth_me_invalid_bearer" time="0.034" /><testcase classname="test_apple_auth_curl" name="test_auth_logout_no_session" time="0.073" /><testcase classname="test_apple_auth_curl" name="test_auth_session_route_exists" time="0.030" /><testcase classname="test_apple_auth_curl" name="test_recurring_items_list" time="0.072" /><testcase classname="test_apple_auth_curl" name="test_tracker_items_endpoint_exists" time="0.037" /><testcase classname="test_apple_auth_curl" name="test_journal_entries_endpoint_exists" time="0.074" /><testcase classname="test_apple_auth_curl" name="test_calculator_presets_endpoint_exists" time="0.031" /><testcase classname="test_apple_auth_curl" name="test_ai_ask_endpoint_exists" time="0.030" /></testsuite></testsuites>