<?xml version="1.0" encoding="utf-8"?><testsuites name="pytest tests"><testsuite name="pytest" errors="0" failures="0" skipped="0" tests="5" time="0.372" timestamp="2026-05-28T01:11:55.437929+00:00" hostname="agent-env-8e0badce-80c2-4b84-a8e0-9b51d8d15b1e"><testcase classname="test_apple_auth" name="test_apple_auth_missing_token" time="0.003" /><testcase classname="test_apple_auth" name="test_apple_auth_invalid_token" time="0.002" /><testcase classname="test_apple_auth" name="test_apple_auth_wrong_audience" time="0.006" /><testcase classname="test_apple_auth" name="test_apple_auth_expired_token" time="0.002" /><testcase classname="test_apple_auth" name="test_apple_auth_create_then_relogin" time="0.009" /></testsuite></testsuites>