<?xml version="1.0" encoding="utf-8"?><testsuites name="pytest tests"><testsuite name="pytest" errors="0" failures="0" skipped="0" tests="15" time="10.049" timestamp="2026-02-15T18:43:42.898674+00:00" hostname="agent-env-eaa6cd9a-227f-4000-b4ea-157400fc7f2a"><testcase classname="backend.tests.test_auth_cloud_sync.TestAuthEndpoints" name="test_auth_me_with_valid_token" time="0.514" /><testcase classname="backend.tests.test_auth_cloud_sync.TestAuthEndpoints" name="test_auth_me_without_token" time="0.376" /><testcase classname="backend.tests.test_auth_cloud_sync.TestAuthEndpoints" name="test_auth_me_with_invalid_token" time="0.492" /><testcase classname="backend.tests.test_auth_cloud_sync.TestCloudSyncEndpoints" name="test_sync_backup_success" time="0.399" /><testcase classname="backend.tests.test_auth_cloud_sync.TestCloudSyncEndpoints" name="test_sync_backup_unauthorized" time="0.411" /><testcase classname="backend.tests.test_auth_cloud_sync.TestCloudSyncEndpoints" name="test_sync_backup_wrong_user" time="0.582" /><testcase classname="backend.tests.test_auth_cloud_sync.TestCloudSyncEndpoints" name="test_sync_restore_success" time="0.409" /><testcase classname="backend.tests.test_auth_cloud_sync.TestCloudSyncEndpoints" name="test_sync_restore_unauthorized" time="0.397" /><testcase classname="backend.tests.test_auth_cloud_sync.TestCloudSyncEndpoints" name="test_sync_restore_wrong_user" time="0.532" /><testcase classname="backend.tests.test_auth_cloud_sync.TestCloudSyncEndpoints" name="test_sync_status_success" time="0.455" /><testcase classname="backend.tests.test_auth_cloud_sync.TestCloudSyncEndpoints" name="test_sync_status_unauthorized" time="0.412" /><testcase classname="backend.tests.test_auth_cloud_sync.TestAuthLogout" name="test_logout_clears_session" time="1.694" /><testcase classname="backend.tests.test_auth_cloud_sync.TestAuthSession" name="test_auth_session_invalid_session_id" time="0.941" /><testcase classname="backend.tests.test_auth_cloud_sync.TestAuthSession" name="test_auth_session_missing_session_id" time="0.488" /><testcase classname="backend.tests.test_auth_cloud_sync.TestCloudSyncClear" name="test_sync_clear_success" time="1.896" /></testsuite></testsuites>