<?xml version="1.0" encoding="utf-8"?><testsuites name="pytest tests"><testsuite name="pytest" errors="0" failures="0" skipped="0" tests="20" time="19.751" timestamp="2026-02-14T21:38:05.082289+00:00" hostname="agent-env-76993634-bd47-4d46-8a85-e5860d255e3f"><testcase classname="backend.tests.test_recurring_items.TestRecurringItemsHealth" name="test_api_health" time="0.574" /><testcase classname="backend.tests.test_recurring_items.TestRecurringItemsCRUD" name="test_create_daily_recurring_item" time="0.939" /><testcase classname="backend.tests.test_recurring_items.TestRecurringItemsCRUD" name="test_create_weekly_recurring_item" time="0.786" /><testcase classname="backend.tests.test_recurring_items.TestRecurringItemsCRUD" name="test_create_biweekly_recurring_item" time="0.818" /><testcase classname="backend.tests.test_recurring_items.TestRecurringItemsCRUD" name="test_create_monthly_recurring_item" time="0.833" /><testcase classname="backend.tests.test_recurring_items.TestRecurringItemsCRUD" name="test_create_custom_interval_recurring_item" time="0.799" /><testcase classname="backend.tests.test_recurring_items.TestRecurringItemsCRUD" name="test_get_all_recurring_items" time="0.405" /><testcase classname="backend.tests.test_recurring_items.TestRecurringItemsCRUD" name="test_get_recurring_item_by_id" time="1.236" /><testcase classname="backend.tests.test_recurring_items.TestRecurringItemsCRUD" name="test_update_recurring_item" time="1.588" /><testcase classname="backend.tests.test_recurring_items.TestRecurringItemsCRUD" name="test_delete_recurring_item_soft_delete" time="1.148" /><testcase classname="backend.tests.test_recurring_items.TestRecurringItemsCRUD" name="test_get_nonexistent_item_returns_404" time="0.397" /><testcase classname="backend.tests.test_recurring_items.TestScheduleForDate" name="test_get_schedule_for_today" time="1.225" /><testcase classname="backend.tests.test_recurring_items.TestScheduleForDate" name="test_schedule_excludes_future_start_date" time="1.241" /><testcase classname="backend.tests.test_recurring_items.TestDoseLogging" name="test_log_dose_taken" time="1.426" /><testcase classname="backend.tests.test_recurring_items.TestDoseLogging" name="test_log_dose_skipped_with_reason" time="1.195" /><testcase classname="backend.tests.test_recurring_items.TestDoseLogging" name="test_log_dose_delayed" time="1.173" /><testcase classname="backend.tests.test_recurring_items.TestDoseLogging" name="test_get_dose_logs_for_date" time="1.903" /><testcase classname="backend.tests.test_recurring_items.TestEdgeCases" name="test_delete_nonexistent_item_returns_404" time="0.431" /><testcase classname="backend.tests.test_recurring_items.TestEdgeCases" name="test_update_nonexistent_item_returns_404" time="0.387" /><testcase classname="backend.tests.test_recurring_items.TestEdgeCases" name="test_update_with_empty_payload_returns_400" time="1.152" /></testsuite></testsuites>