<?xml version="1.0" encoding="utf-8"?><testsuites name="pytest tests"><testsuite name="pytest" errors="0" failures="0" skipped="0" tests="19" time="34.434" timestamp="2026-02-15T05:37:17.379539+00:00" hostname="agent-env-c6ac6553-3d92-4ee7-a900-7a1c706b76e6"><testcase classname="backend.tests.test_vendor_orders.TestVendorCRUD" name="test_create_vendor_success" time="1.113" /><testcase classname="backend.tests.test_vendor_orders.TestVendorCRUD" name="test_create_vendor_minimal" time="0.953" /><testcase classname="backend.tests.test_vendor_orders.TestVendorCRUD" name="test_get_all_vendors" time="1.184" /><testcase classname="backend.tests.test_vendor_orders.TestVendorCRUD" name="test_get_vendor_by_id" time="1.340" /><testcase classname="backend.tests.test_vendor_orders.TestVendorCRUD" name="test_update_vendor" time="1.697" /><testcase classname="backend.tests.test_vendor_orders.TestVendorCRUD" name="test_delete_vendor_soft_delete" time="1.210" /><testcase classname="backend.tests.test_vendor_orders.TestVendorCRUD" name="test_vendor_not_found" time="1.196" /><testcase classname="backend.tests.test_vendor_orders.TestOrderCRUD" name="test_create_order_success" time="1.905" /><testcase classname="backend.tests.test_vendor_orders.TestOrderCRUD" name="test_create_order_minimal" time="1.568" /><testcase classname="backend.tests.test_vendor_orders.TestOrderCRUD" name="test_create_order_invalid_vendor" time="1.272" /><testcase classname="backend.tests.test_vendor_orders.TestOrderCRUD" name="test_get_all_orders" time="1.916" /><testcase classname="backend.tests.test_vendor_orders.TestOrderCRUD" name="test_get_orders_by_vendor" time="2.027" /><testcase classname="backend.tests.test_vendor_orders.TestOrderCRUD" name="test_get_orders_by_status" time="2.210" /><testcase classname="backend.tests.test_vendor_orders.TestOrderCRUD" name="test_update_order_status" time="2.454" /><testcase classname="backend.tests.test_vendor_orders.TestOrderCRUD" name="test_update_order_to_delivered" time="2.151" /><testcase classname="backend.tests.test_vendor_orders.TestOrderCRUD" name="test_delete_order" time="2.020" /><testcase classname="backend.tests.test_vendor_orders.TestOrderCRUD" name="test_get_vendor_orders_endpoint" time="3.969" /><testcase classname="backend.tests.test_vendor_orders.TestVendorOrderIntegration" name="test_order_references_vendor_name" time="1.650" /><testcase classname="backend.tests.test_vendor_orders.TestVendorOrderIntegration" name="test_order_status_transitions" time="2.506" /></testsuite></testsuites>