<?xml version="1.0" encoding="utf-8"?><testsuites name="pytest tests"><testsuite name="pytest" errors="0" failures="0" skipped="0" tests="9" time="9.096" timestamp="2026-02-14T19:14:54.133069+00:00" hostname="agent-env-63e4c832-d386-41eb-bf65-dc95f25b1c3b"><testcase classname="tests.test_custom_entries.TestCustomPeptides" name="test_create_custom_peptide_and_verify" time="1.025" /><testcase classname="tests.test_custom_entries.TestCustomPeptides" name="test_get_all_custom_peptides" time="0.404" /><testcase classname="tests.test_custom_entries.TestCustomPeptides" name="test_delete_custom_peptide" time="1.608" /><testcase classname="tests.test_custom_entries.TestCustomPeptides" name="test_delete_nonexistent_peptide" time="0.431" /><testcase classname="tests.test_custom_entries.TestCustomMedications" name="test_create_custom_medication_and_verify" time="0.857" /><testcase classname="tests.test_custom_entries.TestCustomMedications" name="test_get_all_custom_medications" time="0.504" /><testcase classname="tests.test_custom_entries.TestCustomMedications" name="test_delete_custom_medication" time="1.788" /><testcase classname="tests.test_custom_entries.TestCustomMedications" name="test_delete_nonexistent_medication" time="0.407" /><testcase classname="tests.test_custom_entries.TestHealthCheck" name="test_api_root" time="2.009" /></testsuite></testsuites>