<?xml version="1.0" encoding="utf-8"?><testsuites name="pytest tests"><testsuite name="pytest" errors="1" failures="0" skipped="0" tests="1" time="0.135" timestamp="2026-02-14T19:14:39.773653+00:00" hostname="agent-env-63e4c832-d386-41eb-bf65-dc95f25b1c3b"><testcase classname="" name="tests.test_custom_entries" time="0.000"><error message="collection failure">tests/test_custom_entries.py:9: in &lt;module&gt;
    BASE_URL = os.environ.get('EXPO_PUBLIC_BACKEND_URL').rstrip('/')
               ^^^^^^^^^^^^^^^^^^^^^^^^^^^^^^^^^^^^^^^^^^^^^^^^
E   AttributeError: 'NoneType' object has no attribute 'rstrip'</error></testcase></testsuite></testsuites>